2021-05-30 23:15:09,071 - page-loader - DEBUG - START
2021-05-30 23:15:09,072 - page-loader - DEBUG - Start downloading https://towardsdatascience.com/3-tools-to-track-and-visualize-the-execution-of-your-python-code-666a153e435e to /var/tmp/towardsdatascience-com-3-tools-to-track-and-visualize-the-execution-of-your-python-code-666a153e435e.html
2021-05-30 23:15:09,072 - page-loader - DEBUG - 111
2021-05-30 23:15:09,072 - page-loader - DEBUG - 222
2021-05-30 23:15:11,555 - page-loader - DEBUG - Start downloading assets
2021-05-30 23:15:11,601 - page-loader - DEBUG - https://cdn.optimizely.com/js/16180790160.js
2021-05-30 23:15:11,601 - page-loader - DEBUG - https://towardsdatascience.com/osd.xml
2021-05-30 23:15:11,601 - page-loader - DEBUG - Start downloading assets https://towardsdatascience.com/osd.xml
2021-05-30 23:15:12,863 - page-loader - DEBUG - 555
2021-05-30 23:15:12,864 - page-loader - DEBUG - https://miro.medium.com/fit/c/152/152/1*sHhtYhaCe2Uc3IU0IgKwIQ.png
2021-05-30 23:15:12,864 - page-loader - DEBUG - https://miro.medium.com/fit/c/120/120/1*sHhtYhaCe2Uc3IU0IgKwIQ.png
2021-05-30 23:15:12,864 - page-loader - DEBUG - https://miro.medium.com/fit/c/76/76/1*sHhtYhaCe2Uc3IU0IgKwIQ.png
2021-05-30 23:15:12,864 - page-loader - DEBUG - https://miro.medium.com/fit/c/60/60/1*sHhtYhaCe2Uc3IU0IgKwIQ.png
2021-05-30 23:15:12,864 - page-loader - DEBUG - https://cdn-static-1.medium.com/_/fp/icons/Medium-Avatar-500x500.svg
2021-05-30 23:15:12,865 - page-loader - DEBUG - https://glyph.medium.com/css/unbound.css
2021-05-30 23:15:12,865 - page-loader - DEBUG - https://glyph.medium.com/css/unbound.css
2021-05-30 23:15:12,865 - page-loader - DEBUG - https://khuyentran1476.medium.com
2021-05-30 23:15:12,865 - page-loader - DEBUG - https://towardsdatascience.com/3-tools-to-track-and-visualize-the-execution-of-your-python-code-666a153e435e
2021-05-30 23:15:12,865 - page-loader - DEBUG - Start downloading assets https://towardsdatascience.com/3-tools-to-track-and-visualize-the-execution-of-your-python-code-666a153e435e
2021-05-30 23:15:15,165 - page-loader - DEBUG - 555
2021-05-30 23:15:15,166 - page-loader - DEBUG - android-app://com.medium.reader/https/medium.com/p/666a153e435e
2021-05-30 23:15:15,166 - page-loader - DEBUG - https://miro.medium.com/fit/c/256/256/1*ChFMdf--f5jbm-AYv6VdYA@2x.png
2021-05-30 23:15:15,166 - page-loader - DEBUG - https://miro.medium.com/max/2802/1*sfUruIusLq6tbpLx0sDYZQ.png
2021-05-30 23:15:15,166 - page-loader - DEBUG - https://cdn.optimizely.com/js/16180790160.js
2021-05-30 23:15:15,166 - page-loader - DEBUG - https://miro.medium.com/max/224/1*AGyTPCaRzVqL77kFwUwHKg.png
2021-05-30 23:15:15,166 - page-loader - DEBUG - https://miro.medium.com/fit/c/56/56/2*tiQVZEZxHMPcnVmEmN7UtA.jpeg
2021-05-30 23:15:15,166 - page-loader - DEBUG - https://miro.medium.com/max/60/1*Wa4aTPXFq5Zv5bAKRVt3AA.png?q=20
2021-05-30 23:15:15,167 - page-loader - DEBUG - https://miro.medium.com/max/1276/1*Wa4aTPXFq5Zv5bAKRVt3AA.png
2021-05-30 23:15:15,167 - page-loader - DEBUG - https://miro.medium.com/freeze/max/60/1*nJnWUrIzF_FZY379uISyhg.gif?q=20
2021-05-30 23:15:15,167 - page-loader - DEBUG - https://miro.medium.com/max/1382/1*nJnWUrIzF_FZY379uISyhg.gif
2021-05-30 23:15:15,167 - page-loader - DEBUG - https://miro.medium.com/max/60/1*Wa4aTPXFq5Zv5bAKRVt3AA.png?q=20
2021-05-30 23:15:15,167 - page-loader - DEBUG - https://miro.medium.com/max/1276/1*Wa4aTPXFq5Zv5bAKRVt3AA.png
2021-05-30 23:15:15,167 - page-loader - DEBUG - https://miro.medium.com/max/40/1*SREOQFmPpfZQ6IGB-ozVAQ.png?q=20
2021-05-30 23:15:15,168 - page-loader - DEBUG - https://miro.medium.com/max/1310/1*SREOQFmPpfZQ6IGB-ozVAQ.png
2021-05-30 23:15:15,168 - page-loader - DEBUG - https://miro.medium.com/max/60/1*iRPyzFsJ_kz7dcZ9Y7QVuQ.png?q=20
2021-05-30 23:15:15,168 - page-loader - DEBUG - https://miro.medium.com/max/1426/1*iRPyzFsJ_kz7dcZ9Y7QVuQ.png
2021-05-30 23:15:15,168 - page-loader - DEBUG - https://miro.medium.com/freeze/max/60/1*nJnWUrIzF_FZY379uISyhg.gif?q=20
2021-05-30 23:15:15,168 - page-loader - DEBUG - https://miro.medium.com/max/1382/1*nJnWUrIzF_FZY379uISyhg.gif
2021-05-30 23:15:15,168 - page-loader - DEBUG - https://miro.medium.com/max/60/1*R1fgF3i7c_4pF996z2BjJg.jpeg?q=20
2021-05-30 23:15:15,168 - page-loader - DEBUG - https://miro.medium.com/fit/c/140/140/1*R1fgF3i7c_4pF996z2BjJg.jpeg
2021-05-30 23:15:15,168 - page-loader - DEBUG - https://miro.medium.com/max/60/0*IqvHhJuWAy0Au7zr?q=20
2021-05-30 23:15:15,168 - page-loader - DEBUG - https://miro.medium.com/fit/c/140/140/0*IqvHhJuWAy0Au7zr
2021-05-30 23:15:15,169 - page-loader - DEBUG - https://miro.medium.com/max/60/0*3sG3EGc8pJVtCl1b?q=20
2021-05-30 23:15:15,169 - page-loader - DEBUG - https://miro.medium.com/fit/c/140/140/0*3sG3EGc8pJVtCl1b
2021-05-30 23:15:15,169 - page-loader - DEBUG - https://miro.medium.com/max/60/0*AZ90h0L52amE4nMW?q=20
2021-05-30 23:15:15,169 - page-loader - DEBUG - https://miro.medium.com/fit/c/140/140/0*AZ90h0L52amE4nMW
2021-05-30 23:15:15,169 - page-loader - DEBUG - https://miro.medium.com/max/60/1*oPLoR1tW871JHbEnPPkB1g.png?q=20
2021-05-30 23:15:15,169 - page-loader - DEBUG - https://miro.medium.com/fit/c/140/140/1*oPLoR1tW871JHbEnPPkB1g.png
2021-05-30 23:15:15,169 - page-loader - DEBUG - https://miro.medium.com/max/60/1*BCdIwODhjS9IhLpYoXH38w.png?q=20
2021-05-30 23:15:15,169 - page-loader - DEBUG - https://miro.medium.com/fit/c/140/140/1*BCdIwODhjS9IhLpYoXH38w.png
2021-05-30 23:15:15,169 - page-loader - DEBUG - https://miro.medium.com/max/60/1*Y0_qplZVATXMOVtwK3G12g.png?q=20
2021-05-30 23:15:15,170 - page-loader - DEBUG - https://miro.medium.com/fit/c/140/140/1*Y0_qplZVATXMOVtwK3G12g.png
2021-05-30 23:15:15,170 - page-loader - DEBUG - https://miro.medium.com/max/60/1*yCt-Ppeu8uJ2VoiSH4G_HA.jpeg?q=20
2021-05-30 23:15:15,170 - page-loader - DEBUG - https://miro.medium.com/fit/c/140/140/1*yCt-Ppeu8uJ2VoiSH4G_HA.jpeg
2021-05-30 23:15:15,170 - page-loader - DEBUG - https://miro.medium.com/max/270/1*Crl55Tm6yDNMoucPo1tvDg.png
2021-05-30 23:15:15,170 - page-loader - DEBUG - https://miro.medium.com/max/270/1*W_RAPQ62h0em559zluJLdQ.png
2021-05-30 23:15:15,170 - page-loader - DEBUG - https://cdn-client.medium.com/lite/static/js/manifest.e77d2dd7.js
2021-05-30 23:15:15,170 - page-loader - DEBUG - https://cdn-client.medium.com/lite/static/js/2751.050340a3.js
2021-05-30 23:15:15,170 - page-loader - DEBUG - https://cdn-client.medium.com/lite/static/js/main.330b13b6.js
2021-05-30 23:15:15,170 - page-loader - DEBUG - https://cdn-client.medium.com/lite/static/js/5573.159bf40f.chunk.js
2021-05-30 23:15:15,171 - page-loader - DEBUG - https://cdn-client.medium.com/lite/static/js/instrumentation.6d84c86c.chunk.js
2021-05-30 23:15:15,171 - page-loader - DEBUG - https://cdn-client.medium.com/lite/static/js/reporting.65aadb14.chunk.js
2021-05-30 23:15:15,171 - page-loader - DEBUG - https://cdn-client.medium.com/lite/static/js/1752.a348f767.chunk.js
2021-05-30 23:15:15,171 - page-loader - DEBUG - https://cdn-client.medium.com/lite/static/js/953.19c0a4db.chunk.js
2021-05-30 23:15:15,171 - page-loader - DEBUG - https://cdn-client.medium.com/lite/static/js/8342.6aa0b45e.chunk.js
2021-05-30 23:15:15,171 - page-loader - DEBUG - https://cdn-client.medium.com/lite/static/js/6718.0f0e8ba8.chunk.js
2021-05-30 23:15:15,171 - page-loader - DEBUG - https://cdn-client.medium.com/lite/static/js/9692.8ebc0ed1.chunk.js
2021-05-30 23:15:15,171 - page-loader - DEBUG - https://cdn-client.medium.com/lite/static/js/4586.0206cca1.chunk.js
2021-05-30 23:15:15,171 - page-loader - DEBUG - https://cdn-client.medium.com/lite/static/js/5064.7974654b.chunk.js
2021-05-30 23:15:15,172 - page-loader - DEBUG - https://cdn-client.medium.com/lite/static/js/9046.8e42140f.chunk.js
2021-05-30 23:15:15,172 - page-loader - DEBUG - https://cdn-client.medium.com/lite/static/js/2846.012d369f.chunk.js
2021-05-30 23:15:15,172 - page-loader - DEBUG - https://cdn-client.medium.com/lite/static/js/2176.52f46ba6.chunk.js
2021-05-30 23:15:15,172 - page-loader - DEBUG - https://cdn-client.medium.com/lite/static/js/2712.61545650.chunk.js
2021-05-30 23:15:15,172 - page-loader - DEBUG - https://cdn-client.medium.com/lite/static/js/5828.582128b9.chunk.js
2021-05-30 23:15:15,172 - page-loader - DEBUG - https://cdn-client.medium.com/lite/static/js/9972.f6abd8ac.chunk.js
2021-05-30 23:15:15,172 - page-loader - DEBUG - https://cdn-client.medium.com/lite/static/js/7526.fc3aa41e.chunk.js
2021-05-30 23:15:15,172 - page-loader - DEBUG - https://cdn-client.medium.com/lite/static/js/664.328698ca.chunk.js
2021-05-30 23:15:15,172 - page-loader - DEBUG - https://cdn-client.medium.com/lite/static/js/1429.c3aa1c70.chunk.js
2021-05-30 23:15:15,172 - page-loader - DEBUG - https://cdn-client.medium.com/lite/static/js/2955.54cefaa6.chunk.js
2021-05-30 23:15:15,173 - page-loader - DEBUG - https://cdn-client.medium.com/lite/static/js/7131.a44acd49.chunk.js
2021-05-30 23:15:15,173 - page-loader - DEBUG - https://cdn-client.medium.com/lite/static/js/4697.b016ecd1.chunk.js
2021-05-30 23:15:15,173 - page-loader - DEBUG - https://cdn-client.medium.com/lite/static/js/2238.39c71555.chunk.js
2021-05-30 23:15:15,173 - page-loader - DEBUG - https://cdn-client.medium.com/lite/static/js/658.cf19bcf7.chunk.js
2021-05-30 23:15:15,173 - page-loader - DEBUG - https://cdn-client.medium.com/lite/static/js/8698.1afa2e93.chunk.js
2021-05-30 23:15:15,173 - page-loader - DEBUG - https://cdn-client.medium.com/lite/static/js/8127.7b79de8f.chunk.js
2021-05-30 23:15:15,173 - page-loader - DEBUG - https://cdn-client.medium.com/lite/static/js/3507.12fcd912.chunk.js
2021-05-30 23:15:15,173 - page-loader - DEBUG - https://cdn-client.medium.com/lite/static/js/8873.c13e151d.chunk.js
2021-05-30 23:15:15,173 - page-loader - DEBUG - https://cdn-client.medium.com/lite/static/js/PostSidebar.26a868b7.chunk.js
2021-05-30 23:15:15,174 - page-loader - DEBUG - https://cdn-client.medium.com/lite/static/js/6371.2626b0c4.chunk.js
2021-05-30 23:15:15,174 - page-loader - DEBUG - https://cdn-client.medium.com/lite/static/js/2709.589cdbd8.chunk.js
2021-05-30 23:15:15,174 - page-loader - DEBUG - https://cdn-client.medium.com/lite/static/js/1882.77364e48.chunk.js
2021-05-30 23:15:15,174 - page-loader - DEBUG - https://cdn-client.medium.com/lite/static/js/3170.5198d6c9.chunk.js
2021-05-30 23:15:15,174 - page-loader - DEBUG - https://cdn-client.medium.com/lite/static/js/Post.8f0dfdc1.chunk.js
2021-05-30 23:15:15,174 - page-loader - DEBUG - Finish downloading assets
2021-05-30 23:15:15,193 - page-loader - DEBUG - 333
2021-05-30 23:15:15,194 - page-loader - DEBUG - Finish downloading https://towardsdatascience.com/3-tools-to-track-and-visualize-the-execution-of-your-python-code-666a153e435e to /var/tmp/towardsdatascience-com-3-tools-to-track-and-visualize-the-execution-of-your-python-code-666a153e435e.html
2021-05-30 23:19:21,846 - page-loader - INFO - START
2021-05-30 23:19:21,847 - page-loader - DEBUG - Start downloading https://towardsdatascience.com/3-tools-to-track-and-visualize-the-execution-of-your-python-code-666a153e435e to /var/tmp/towardsdatascience-com-3-tools-to-track-and-visualize-the-execution-of-your-python-code-666a153e435e.html
2021-05-30 23:19:21,847 - page-loader - DEBUG - 111
2021-05-30 23:19:21,848 - page-loader - DEBUG - 222
2021-05-30 23:19:24,406 - page-loader - DEBUG - Start downloading assets
2021-05-30 23:19:24,451 - page-loader - DEBUG - https://cdn.optimizely.com/js/16180790160.js
2021-05-30 23:19:24,452 - page-loader - DEBUG - https://towardsdatascience.com/osd.xml
2021-05-30 23:19:24,452 - page-loader - DEBUG - Start downloading assets https://towardsdatascience.com/osd.xml
2021-05-30 23:19:26,253 - page-loader - DEBUG - 555
2021-05-30 23:19:26,254 - page-loader - DEBUG - https://miro.medium.com/fit/c/152/152/1*sHhtYhaCe2Uc3IU0IgKwIQ.png
2021-05-30 23:19:26,254 - page-loader - DEBUG - https://miro.medium.com/fit/c/120/120/1*sHhtYhaCe2Uc3IU0IgKwIQ.png
2021-05-30 23:19:26,254 - page-loader - DEBUG - https://miro.medium.com/fit/c/76/76/1*sHhtYhaCe2Uc3IU0IgKwIQ.png
2021-05-30 23:19:26,254 - page-loader - DEBUG - https://miro.medium.com/fit/c/60/60/1*sHhtYhaCe2Uc3IU0IgKwIQ.png
2021-05-30 23:19:26,254 - page-loader - DEBUG - https://cdn-static-1.medium.com/_/fp/icons/Medium-Avatar-500x500.svg
2021-05-30 23:19:26,255 - page-loader - DEBUG - https://glyph.medium.com/css/unbound.css
2021-05-30 23:19:26,255 - page-loader - DEBUG - https://glyph.medium.com/css/unbound.css
2021-05-30 23:19:26,255 - page-loader - DEBUG - https://khuyentran1476.medium.com
2021-05-30 23:19:26,255 - page-loader - DEBUG - https://towardsdatascience.com/3-tools-to-track-and-visualize-the-execution-of-your-python-code-666a153e435e
2021-05-30 23:19:26,255 - page-loader - DEBUG - Start downloading assets https://towardsdatascience.com/3-tools-to-track-and-visualize-the-execution-of-your-python-code-666a153e435e
2021-05-30 23:19:28,453 - page-loader - DEBUG - 555
2021-05-30 23:19:28,453 - page-loader - DEBUG - android-app://com.medium.reader/https/medium.com/p/666a153e435e
2021-05-30 23:19:28,453 - page-loader - DEBUG - https://miro.medium.com/fit/c/256/256/1*ChFMdf--f5jbm-AYv6VdYA@2x.png
2021-05-30 23:19:28,453 - page-loader - DEBUG - https://miro.medium.com/max/2802/1*sfUruIusLq6tbpLx0sDYZQ.png
2021-05-30 23:19:28,454 - page-loader - DEBUG - https://cdn.optimizely.com/js/16180790160.js
2021-05-30 23:19:28,454 - page-loader - DEBUG - https://miro.medium.com/max/224/1*AGyTPCaRzVqL77kFwUwHKg.png
2021-05-30 23:19:28,454 - page-loader - DEBUG - https://miro.medium.com/fit/c/56/56/2*tiQVZEZxHMPcnVmEmN7UtA.jpeg
2021-05-30 23:19:28,454 - page-loader - DEBUG - https://miro.medium.com/max/60/1*Wa4aTPXFq5Zv5bAKRVt3AA.png?q=20
2021-05-30 23:19:28,454 - page-loader - DEBUG - https://miro.medium.com/max/1276/1*Wa4aTPXFq5Zv5bAKRVt3AA.png
2021-05-30 23:19:28,454 - page-loader - DEBUG - https://miro.medium.com/freeze/max/60/1*nJnWUrIzF_FZY379uISyhg.gif?q=20
2021-05-30 23:19:28,454 - page-loader - DEBUG - https://miro.medium.com/max/1382/1*nJnWUrIzF_FZY379uISyhg.gif
2021-05-30 23:19:28,454 - page-loader - DEBUG - https://miro.medium.com/max/60/1*Wa4aTPXFq5Zv5bAKRVt3AA.png?q=20
2021-05-30 23:19:28,454 - page-loader - DEBUG - https://miro.medium.com/max/1276/1*Wa4aTPXFq5Zv5bAKRVt3AA.png
2021-05-30 23:19:28,454 - page-loader - DEBUG - https://miro.medium.com/max/40/1*SREOQFmPpfZQ6IGB-ozVAQ.png?q=20
2021-05-30 23:19:28,454 - page-loader - DEBUG - https://miro.medium.com/max/1310/1*SREOQFmPpfZQ6IGB-ozVAQ.png
2021-05-30 23:19:28,454 - page-loader - DEBUG - https://miro.medium.com/max/60/1*iRPyzFsJ_kz7dcZ9Y7QVuQ.png?q=20
2021-05-30 23:19:28,455 - page-loader - DEBUG - https://miro.medium.com/max/1426/1*iRPyzFsJ_kz7dcZ9Y7QVuQ.png
2021-05-30 23:19:28,455 - page-loader - DEBUG - https://miro.medium.com/freeze/max/60/1*nJnWUrIzF_FZY379uISyhg.gif?q=20
2021-05-30 23:19:28,455 - page-loader - DEBUG - https://miro.medium.com/max/1382/1*nJnWUrIzF_FZY379uISyhg.gif
2021-05-30 23:19:28,455 - page-loader - DEBUG - https://miro.medium.com/max/60/1*R1fgF3i7c_4pF996z2BjJg.jpeg?q=20
2021-05-30 23:19:28,455 - page-loader - DEBUG - https://miro.medium.com/fit/c/140/140/1*R1fgF3i7c_4pF996z2BjJg.jpeg
2021-05-30 23:19:28,455 - page-loader - DEBUG - https://miro.medium.com/max/60/0*IqvHhJuWAy0Au7zr?q=20
2021-05-30 23:19:28,455 - page-loader - DEBUG - https://miro.medium.com/fit/c/140/140/0*IqvHhJuWAy0Au7zr
2021-05-30 23:19:28,455 - page-loader - DEBUG - https://miro.medium.com/max/60/0*3sG3EGc8pJVtCl1b?q=20
2021-05-30 23:19:28,455 - page-loader - DEBUG - https://miro.medium.com/fit/c/140/140/0*3sG3EGc8pJVtCl1b
2021-05-30 23:19:28,455 - page-loader - DEBUG - https://miro.medium.com/max/60/0*AZ90h0L52amE4nMW?q=20
2021-05-30 23:19:28,455 - page-loader - DEBUG - https://miro.medium.com/fit/c/140/140/0*AZ90h0L52amE4nMW
2021-05-30 23:19:28,455 - page-loader - DEBUG - https://miro.medium.com/max/60/1*oPLoR1tW871JHbEnPPkB1g.png?q=20
2021-05-30 23:19:28,456 - page-loader - DEBUG - https://miro.medium.com/fit/c/140/140/1*oPLoR1tW871JHbEnPPkB1g.png
2021-05-30 23:19:28,456 - page-loader - DEBUG - https://miro.medium.com/max/60/1*BCdIwODhjS9IhLpYoXH38w.png?q=20
2021-05-30 23:19:28,456 - page-loader - DEBUG - https://miro.medium.com/fit/c/140/140/1*BCdIwODhjS9IhLpYoXH38w.png
2021-05-30 23:19:28,456 - page-loader - DEBUG - https://miro.medium.com/max/60/1*Y0_qplZVATXMOVtwK3G12g.png?q=20
2021-05-30 23:19:28,456 - page-loader - DEBUG - https://miro.medium.com/fit/c/140/140/1*Y0_qplZVATXMOVtwK3G12g.png
2021-05-30 23:19:28,456 - page-loader - DEBUG - https://miro.medium.com/max/60/1*yCt-Ppeu8uJ2VoiSH4G_HA.jpeg?q=20
2021-05-30 23:19:28,456 - page-loader - DEBUG - https://miro.medium.com/fit/c/140/140/1*yCt-Ppeu8uJ2VoiSH4G_HA.jpeg
2021-05-30 23:19:28,456 - page-loader - DEBUG - https://miro.medium.com/max/270/1*Crl55Tm6yDNMoucPo1tvDg.png
2021-05-30 23:19:28,456 - page-loader - DEBUG - https://miro.medium.com/max/270/1*W_RAPQ62h0em559zluJLdQ.png
2021-05-30 23:19:28,456 - page-loader - DEBUG - https://cdn-client.medium.com/lite/static/js/manifest.e77d2dd7.js
2021-05-30 23:19:28,456 - page-loader - DEBUG - https://cdn-client.medium.com/lite/static/js/2751.050340a3.js
2021-05-30 23:19:28,456 - page-loader - DEBUG - https://cdn-client.medium.com/lite/static/js/main.330b13b6.js
2021-05-30 23:19:28,457 - page-loader - DEBUG - https://cdn-client.medium.com/lite/static/js/5573.159bf40f.chunk.js
2021-05-30 23:19:28,457 - page-loader - DEBUG - https://cdn-client.medium.com/lite/static/js/instrumentation.6d84c86c.chunk.js
2021-05-30 23:19:28,457 - page-loader - DEBUG - https://cdn-client.medium.com/lite/static/js/reporting.65aadb14.chunk.js
2021-05-30 23:19:28,457 - page-loader - DEBUG - https://cdn-client.medium.com/lite/static/js/1752.a348f767.chunk.js
2021-05-30 23:19:28,457 - page-loader - DEBUG - https://cdn-client.medium.com/lite/static/js/953.19c0a4db.chunk.js
2021-05-30 23:19:28,457 - page-loader - DEBUG - https://cdn-client.medium.com/lite/static/js/8342.6aa0b45e.chunk.js
2021-05-30 23:19:28,457 - page-loader - DEBUG - https://cdn-client.medium.com/lite/static/js/6718.0f0e8ba8.chunk.js
2021-05-30 23:19:28,457 - page-loader - DEBUG - https://cdn-client.medium.com/lite/static/js/9692.8ebc0ed1.chunk.js
2021-05-30 23:19:28,457 - page-loader - DEBUG - https://cdn-client.medium.com/lite/static/js/4586.0206cca1.chunk.js
2021-05-30 23:19:28,457 - page-loader - DEBUG - https://cdn-client.medium.com/lite/static/js/5064.7974654b.chunk.js
2021-05-30 23:19:28,457 - page-loader - DEBUG - https://cdn-client.medium.com/lite/static/js/9046.8e42140f.chunk.js
2021-05-30 23:19:28,457 - page-loader - DEBUG - https://cdn-client.medium.com/lite/static/js/2846.012d369f.chunk.js
2021-05-30 23:19:28,458 - page-loader - DEBUG - https://cdn-client.medium.com/lite/static/js/2176.52f46ba6.chunk.js
2021-05-30 23:19:28,458 - page-loader - DEBUG - https://cdn-client.medium.com/lite/static/js/2712.61545650.chunk.js
2021-05-30 23:19:28,458 - page-loader - DEBUG - https://cdn-client.medium.com/lite/static/js/5828.582128b9.chunk.js
2021-05-30 23:19:28,458 - page-loader - DEBUG - https://cdn-client.medium.com/lite/static/js/9972.f6abd8ac.chunk.js
2021-05-30 23:19:28,458 - page-loader - DEBUG - https://cdn-client.medium.com/lite/static/js/7526.fc3aa41e.chunk.js
2021-05-30 23:19:28,458 - page-loader - DEBUG - https://cdn-client.medium.com/lite/static/js/664.328698ca.chunk.js
2021-05-30 23:19:28,458 - page-loader - DEBUG - https://cdn-client.medium.com/lite/static/js/1429.c3aa1c70.chunk.js
2021-05-30 23:19:28,458 - page-loader - DEBUG - https://cdn-client.medium.com/lite/static/js/2955.54cefaa6.chunk.js
2021-05-30 23:19:28,458 - page-loader - DEBUG - https://cdn-client.medium.com/lite/static/js/7131.a44acd49.chunk.js
2021-05-30 23:19:28,458 - page-loader - DEBUG - https://cdn-client.medium.com/lite/static/js/4697.b016ecd1.chunk.js
2021-05-30 23:19:28,458 - page-loader - DEBUG - https://cdn-client.medium.com/lite/static/js/2238.39c71555.chunk.js
2021-05-30 23:19:28,458 - page-loader - DEBUG - https://cdn-client.medium.com/lite/static/js/658.cf19bcf7.chunk.js
2021-05-30 23:19:28,459 - page-loader - DEBUG - https://cdn-client.medium.com/lite/static/js/8698.1afa2e93.chunk.js
2021-05-30 23:19:28,459 - page-loader - DEBUG - https://cdn-client.medium.com/lite/static/js/8127.7b79de8f.chunk.js
2021-05-30 23:19:28,459 - page-loader - DEBUG - https://cdn-client.medium.com/lite/static/js/3507.12fcd912.chunk.js
2021-05-30 23:19:28,459 - page-loader - DEBUG - https://cdn-client.medium.com/lite/static/js/8873.c13e151d.chunk.js
2021-05-30 23:19:28,459 - page-loader - DEBUG - https://cdn-client.medium.com/lite/static/js/PostSidebar.26a868b7.chunk.js
2021-05-30 23:19:28,459 - page-loader - DEBUG - https://cdn-client.medium.com/lite/static/js/6371.2626b0c4.chunk.js
2021-05-30 23:19:28,459 - page-loader - DEBUG - https://cdn-client.medium.com/lite/static/js/2709.589cdbd8.chunk.js
2021-05-30 23:19:28,459 - page-loader - DEBUG - https://cdn-client.medium.com/lite/static/js/1882.77364e48.chunk.js
2021-05-30 23:19:28,459 - page-loader - DEBUG - https://cdn-client.medium.com/lite/static/js/3170.5198d6c9.chunk.js
2021-05-30 23:19:28,459 - page-loader - DEBUG - https://cdn-client.medium.com/lite/static/js/Post.8f0dfdc1.chunk.js
2021-05-30 23:19:28,459 - page-loader - DEBUG - Finish downloading assets
2021-05-30 23:19:28,476 - page-loader - DEBUG - 333
2021-05-30 23:19:28,476 - page-loader - DEBUG - Finish downloading https://towardsdatascience.com/3-tools-to-track-and-visualize-the-execution-of-your-python-code-666a153e435e to /var/tmp/towardsdatascience-com-3-tools-to-track-and-visualize-the-execution-of-your-python-code-666a153e435e.html
2021-05-30 23:19:28,476 - page-loader - INFO - FINISH
2021-06-04 07:27:09,600 - page-loader - INFO - START
2021-06-04 07:27:09,602 - page-loader - DEBUG - Start downloading https://books.toscrape.com/catalogue/a-light-in-the-attic_1000/index.html to result/books-toscrape-com-catalogue-a-light-in-the-attic_1000-index.html
2021-06-04 07:27:09,602 - page-loader - DEBUG - Start downloading assets
2021-06-04 07:27:18,107 - page-loader - DEBUG - Finish downloading assets
2021-06-04 07:27:18,110 - page-loader - DEBUG - Finish downloading {page_url} to {page_file_path}
2021-06-04 07:27:18,110 - page-loader - INFO - FINISH
